#
# A fatal error has been detected by the Java Runtime Environment:
#
#  EXCEPTION_ACCESS_VIOLATION (0xc0000005) at pc=0x00007ff82adc12de, pid=1516, tid=12832
#
# JRE version: OpenJDK Runtime Environment Temurin-17.0.6+10 (17.0.6+10) (build 17.0.6+10)
# Java VM: OpenJDK 64-Bit Server VM Temurin-17.0.6+10 (17.0.6+10, mixed mode, tiered, compressed oops, compressed class ptrs, parallel gc, windows-amd64)
# Problematic frame:
# C  [VCRUNTIME140.dll+0x12de]
#
# No core dump will be written. Minidumps are not enabled by default on client versions of Windows
#
# If you would like to submit a bug report, please visit:
#   https://github.com/adoptium/adoptium-support/issues
#

---------------  S U M M A R Y ------------

Command Line: --add-modules=ALL-SYSTEM --add-opens=java.base/java.util=ALL-UNNAMED --add-opens=java.base/java.lang=ALL-UNNAMED --add-opens=java.base/sun.nio.fs=ALL-UNNAMED -Declipse.application=org.eclipse.jdt.ls.core.id1 -Dosgi.bundles.defaultStartLevel=4 -Declipse.product=org.eclipse.jdt.ls.core.product -Djava.import.generatesMetadataFilesAtProjectRoot=false -Dfile.encoding=utf8 -XX:+UseParallelGC -XX:GCTimeRatio=4 -XX:AdaptiveSizePolicyWeight=90 -Dsun.zip.disableMemoryMapping=true -Xmx1G -Xms100m -Xlog:disable -javaagent:c:\Users\MTS\.vscode\extensions\redhat.java-1.16.0-win32-x64\lombok\lombok-1.18.24.jar -XX:+HeapDumpOnOutOfMemoryError -XX:HeapDumpPath=c:\Users\MTS\AppData\Roaming\Code\User\workspaceStorage\7d37bfe697cb71d4417eebd1d28c8ab7\redhat.java c:\Users\MTS\.vscode\extensions\redhat.java-1.16.0-win32-x64\server\plugins\org.eclipse.equinox.launcher_1.6.400.v20210924-0641.jar -configuration c:\Users\MTS\AppData\Roaming\Code\User\globalStorage\redhat.java\1.16.0\config_win -data c:\Users\MTS\AppData\Roaming\Code\User\workspaceStorage\7d37bfe697cb71d4417eebd1d28c8ab7\redhat.java\jdt_ws

Host: Intel(R) Core(TM) i5-10300H CPU @ 2.50GHz, 8 cores, 7G,  Windows 10 , 64 bit Build 19041 (10.0.19041.1806)
Time: Mon Mar 27 22:02:22 2023 India Standard Time elapsed time: 670.163324 seconds (0d 0h 11m 10s)

---------------  T H R E A D  ---------------

Current thread (0x000002ba17c54ec0):  GCTaskThread "GC Thread#4" [stack: 0x000000f3e0900000,0x000000f3e0a00000] [id=12832]

Stack: [0x000000f3e0900000,0x000000f3e0a00000],  sp=0x000000f3e09ff5c8,  free space=1021k
Native frames: (J=compiled Java code, j=interpreted, Vv=VM code, C=native code)
C  [VCRUNTIME140.dll+0x12de]
V  [jvm.dll+0x6b428b]
V  [jvm.dll+0x6b3e29]
V  [jvm.dll+0x6b7a4f]
V  [jvm.dll+0x6b7e7f]
V  [jvm.dll+0x8612eb]
V  [jvm.dll+0x861336]
V  [jvm.dll+0x7e483a]
V  [jvm.dll+0x6762c5]
C  [ucrtbase.dll+0x21bb2]
C  [KERNEL32.DLL+0x17034]
C  [ntdll.dll+0x52651]


siginfo: EXCEPTION_ACCESS_VIOLATION (0xc0000005), reading address 0x00000000eb000000


Register to memory mapping:

RIP=0x00007ff82adc12de VCRUNTIME140.dll
RAX=0x00000000c7c97338 points into unknown readable memory: 0x0000000000000001 | 01 00 00 00 00 00 00 00
RBX=0x0 is NULL
RCX=0x00000000191b4a30 is an unknown value
RDX=0x0000000022ebb6b0 is an unknown value
RSP=0x000000f3e09ff5c8 points into unknown readable memory: 0x00000000032cc409 | 09 c4 2c 03 00 00 00 00
RBP=0x000000f3e09ff658 points into unknown readable memory: 0x000000f3df8ff198 | 98 f1 8f df f3 00 00 00
RSI=0x00000000eb000000 is an unallocated location in the heap
RDI=0x00000000c8144950 points into unknown readable memory: 0x00001b6c00001b5a | 5a 1b 00 00 6c 1b 00 00
R8 =0x0000000019662048 is an unknown value
R9 =0x00000000c7c97338 points into unknown readable memory: 0x0000000000000001 | 01 00 00 00 00 00 00 00
R10=0x00000000eab529e8 points into unknown readable memory: 0x0000000000000001 | 01 00 00 00 00 00 00 00
R11=0x00000000c7c97338 points into unknown readable memory: 0x0000000000000001 | 01 00 00 00 00 00 00 00
R12=0x0000000000000001 is an unknown value
R13=0x0000000019662048 is an unknown value
R14=0x00000000eab529e8 points into unknown readable memory: 0x0000000000000001 | 01 00 00 00 00 00 00 00
R15=0x000002ba13fa3d00 points into unknown readable memory: 0x00007fffbd4a00c8 | c8 00 4a bd ff 7f 00 00


Registers:
RAX=0x00000000c7c97338, RBX=0x0000000000000000, RCX=0x00000000191b4a30, RDX=0x0000000022ebb6b0
RSP=0x000000f3e09ff5c8, RBP=0x000000f3e09ff658, RSI=0x00000000eb000000, RDI=0x00000000c8144950
R8 =0x0000000019662048, R9 =0x00000000c7c97338, R10=0x00000000eab529e8, R11=0x00000000c7c97338
R12=0x0000000000000001, R13=0x0000000019662048, R14=0x00000000eab529e8, R15=0x000002ba13fa3d00
RIP=0x00007ff82adc12de, EFLAGS=0x0000000000010202

Top of Stack: (sp=0x000000f3e09ff5c8)
0x000000f3e09ff5c8:   00000000032cc409 00000000c7c97338
0x000000f3e09ff5d8:   00007fffbd1a428b 0000000000000000
0x000000f3e09ff5e8:   00000000032cc409 0000000000000009
0x000000f3e09ff5f8:   0000000000001000 0000000000000010
0x000000f3e09ff608:   000000000000000c 0000000000000005
0x000000f3e09ff618:   0000000000000000 00000000eaf58098
0x000000f3e09ff628:   0000000000000001 0000000000000000
0x000000f3e09ff638:   00007fffbd1a4bef 0000000000000009
0x000000f3e09ff648:   0000000000001000 000002ba16e58f70
0x000000f3e09ff658:   000000f3df8ff198 0000000000000005
0x000000f3e09ff668:   0000000000000005 000000f3df8ff1f0
0x000000f3e09ff678:   0000000000000001 0000000000000000
0x000000f3e09ff688:   00007fffbd1a3e29 00000000eaefcfb0
0x000000f3e09ff698:   0000000000000005 0000000000000001
0x000000f3e09ff6a8:   0000000000000005 0000000000000005
0x000000f3e09ff6b8:   00007fffbd1a7a4f 000002ba13fa3d00 

Instructions: (pc=0x00007ff82adc12de)
0x00007ff82adc11de:   cc cc cc cc cc cc cc cc 66 66 0f 1f 84 00 00 00
0x00007ff82adc11ee:   00 00 48 2b d1 49 83 f8 08 72 22 f6 c1 07 74 14
0x00007ff82adc11fe:   66 90 8a 01 3a 04 11 75 2c 48 ff c1 49 ff c8 f6
0x00007ff82adc120e:   c1 07 75 ee 4d 8b c8 49 c1 e9 03 75 1f 4d 85 c0
0x00007ff82adc121e:   74 0f 8a 01 3a 04 11 75 0c 48 ff c1 49 ff c8 75
0x00007ff82adc122e:   f1 48 33 c0 c3 1b c0 83 d8 ff c3 90 49 c1 e9 02
0x00007ff82adc123e:   74 37 48 8b 01 48 3b 04 11 75 5b 48 8b 41 08 48
0x00007ff82adc124e:   3b 44 11 08 75 4c 48 8b 41 10 48 3b 44 11 10 75
0x00007ff82adc125e:   3d 48 8b 41 18 48 3b 44 11 18 75 2e 48 83 c1 20
0x00007ff82adc126e:   49 ff c9 75 cd 49 83 e0 1f 4d 8b c8 49 c1 e9 03
0x00007ff82adc127e:   74 9b 48 8b 01 48 3b 04 11 75 1b 48 83 c1 08 49
0x00007ff82adc128e:   ff c9 75 ee 49 83 e0 07 eb 83 48 83 c1 08 48 83
0x00007ff82adc129e:   c1 08 48 83 c1 08 48 8b 0c 0a 48 0f c8 48 0f c9
0x00007ff82adc12ae:   48 3b c1 1b c0 83 d8 ff c3 cc cc cc cc cc cc cc
0x00007ff82adc12be:   cc cc cc cc cc cc cc cc 66 66 0f 1f 84 00 00 00
0x00007ff82adc12ce:   00 00 57 56 49 8b c3 48 8b f9 49 8b c8 49 8b f2
0x00007ff82adc12de:   f3 a4 5e 5f c3 cc cc cc cc cc cc 0f 1f 80 00 00
0x00007ff82adc12ee:   00 00 4c 8b d9 4c 8b d2 49 83 f8 10 76 54 49 83
0x00007ff82adc12fe:   f8 20 76 2e 48 2b d1 73 0d 4b 8d 04 10 48 3b c8
0x00007ff82adc130e:   0f 82 dc 02 00 00 49 81 f8 80 00 00 00 0f 86 0f
0x00007ff82adc131e:   02 00 00 f6 05 94 30 01 00 02 0f 84 52 01 00 00
0x00007ff82adc132e:   eb a0 0f 10 02 42 0f 10 4c 02 f0 0f 11 01 42 0f
0x00007ff82adc133e:   11 4c 01 f0 48 8b c1 c3 66 66 0f 1f 84 00 00 00
0x00007ff82adc134e:   00 00 48 8b c1 4c 8d 0d a6 ec ff ff 43 8b 8c 81
0x00007ff82adc135e:   00 60 01 00 49 03 c9 ff e1 66 0f 1f 84 00 00 00
0x00007ff82adc136e:   00 00 c3 0f b7 0a 66 89 08 c3 48 8b 0a 48 89 08
0x00007ff82adc137e:   c3 0f b7 0a 44 0f b6 42 02 66 89 08 44 88 40 02
0x00007ff82adc138e:   c3 0f b6 0a 88 08 c3 f3 0f 6f 02 f3 0f 7f 00 c3
0x00007ff82adc139e:   66 90 4c 8b 02 0f b7 4a 08 44 0f b6 4a 0a 4c 89
0x00007ff82adc13ae:   00 66 89 48 08 44 88 48 0a c3 8b 0a 89 08 c3 0f
0x00007ff82adc13be:   1f 00 8b 0a 44 0f b6 42 04 89 08 44 88 40 04 c3
0x00007ff82adc13ce:   66 90 8b 0a 44 0f b7 42 04 89 08 66 44 89 40 04 


Stack slot to memory mapping:
stack at sp + 0 slots: 0x00000000032cc409 is an unknown value
stack at sp + 1 slots: 0x00000000c7c97338 points into unknown readable memory: 0x0000000000000001 | 01 00 00 00 00 00 00 00
stack at sp + 2 slots: 0x00007fffbd1a428b jvm.dll
stack at sp + 3 slots: 0x0 is NULL
stack at sp + 4 slots: 0x00000000032cc409 is an unknown value
stack at sp + 5 slots: 0x0000000000000009 is an unknown value
stack at sp + 6 slots: 0x0000000000001000 is an unknown value
stack at sp + 7 slots: 0x0000000000000010 is an unknown value


---------------  P R O C E S S  ---------------

Threads class SMR info:
_java_thread_list=0x000002ba1b84a090, length=34, elements={
0x000002ba7e095100, 0x000002ba15a56750, 0x000002ba15a57840, 0x000002ba13fb8f60,
0x000002ba15a76570, 0x000002ba15a77590, 0x000002ba15a7dfe0, 0x000002ba15a879d0,
0x000002ba15a88380, 0x000002ba15a91450, 0x000002ba7e1542c0, 0x000002ba15db0900,
0x000002ba17ccf540, 0x000002ba18462a00, 0x000002ba184afa20, 0x000002ba18427f80,
0x000002ba17f3d4d0, 0x000002ba18565700, 0x000002ba18563ef0, 0x000002ba18566a40,
0x000002ba185643c0, 0x000002ba185660a0, 0x000002ba18563550, 0x000002ba1ec93e10,
0x000002ba1ec91c60, 0x000002ba1ec92ad0, 0x000002ba1ec8ec40, 0x000002ba1ec8f110,
0x000002ba1ec92fa0, 0x000002ba1ec92600, 0x000002ba1b735220, 0x000002ba1b734d50,
0x000002ba1ec942e0, 0x000002ba1ec93940
}

Java Threads: ( => current thread )
  0x000002ba7e095100 JavaThread "main" [_thread_blocked, id=12268, stack(0x000000f3df500000,0x000000f3df600000)]
  0x000002ba15a56750 JavaThread "Reference Handler" daemon [_thread_blocked, id=1732, stack(0x000000f3df900000,0x000000f3dfa00000)]
  0x000002ba15a57840 JavaThread "Finalizer" daemon [_thread_blocked, id=14972, stack(0x000000f3dfa00000,0x000000f3dfb00000)]
  0x000002ba13fb8f60 JavaThread "Signal Dispatcher" daemon [_thread_blocked, id=14764, stack(0x000000f3dfb00000,0x000000f3dfc00000)]
  0x000002ba15a76570 JavaThread "Attach Listener" daemon [_thread_blocked, id=4192, stack(0x000000f3dfc00000,0x000000f3dfd00000)]
  0x000002ba15a77590 JavaThread "Service Thread" daemon [_thread_blocked, id=4264, stack(0x000000f3dfd00000,0x000000f3dfe00000)]
  0x000002ba15a7dfe0 JavaThread "Monitor Deflation Thread" daemon [_thread_blocked, id=13956, stack(0x000000f3dfe00000,0x000000f3dff00000)]
  0x000002ba15a879d0 JavaThread "C2 CompilerThread0" daemon [_thread_blocked, id=15660, stack(0x000000f3dff00000,0x000000f3e0000000)]
  0x000002ba15a88380 JavaThread "C1 CompilerThread0" daemon [_thread_blocked, id=4776, stack(0x000000f3e0000000,0x000000f3e0100000)]
  0x000002ba15a91450 JavaThread "Sweeper thread" daemon [_thread_blocked, id=14164, stack(0x000000f3e0100000,0x000000f3e0200000)]
  0x000002ba7e1542c0 JavaThread "Common-Cleaner" daemon [_thread_blocked, id=11188, stack(0x000000f3e0200000,0x000000f3e0300000)]
  0x000002ba15db0900 JavaThread "Notification Thread" daemon [_thread_blocked, id=12416, stack(0x000000f3e0400000,0x000000f3e0500000)]
  0x000002ba17ccf540 JavaThread "Active Thread: Equinox Container: e02d49d2-14c6-4148-9e77-a94a370f6d2b" [_thread_blocked, id=14036, stack(0x000000f3e0d00000,0x000000f3e0e00000)]
  0x000002ba18462a00 JavaThread "Framework Event Dispatcher: Equinox Container: e02d49d2-14c6-4148-9e77-a94a370f6d2b" daemon [_thread_blocked, id=11504, stack(0x000000f3e0e00000,0x000000f3e0f00000)]
  0x000002ba184afa20 JavaThread "Start Level: Equinox Container: e02d49d2-14c6-4148-9e77-a94a370f6d2b" daemon [_thread_blocked, id=14868, stack(0x000000f3e0f00000,0x000000f3e1000000)]
  0x000002ba18427f80 JavaThread "SCR Component Actor" daemon [_thread_blocked, id=8064, stack(0x000000f3e1000000,0x000000f3e1100000)]
  0x000002ba17f3d4d0 JavaThread "Worker-JM" [_thread_blocked, id=16088, stack(0x000000f3e0c00000,0x000000f3e0d00000)]
  0x000002ba18565700 JavaThread "Java indexing" daemon [_thread_blocked, id=11896, stack(0x000000f3e1500000,0x000000f3e1600000)]
  0x000002ba18563ef0 JavaThread "JNA Cleaner" daemon [_thread_blocked, id=13016, stack(0x000000f3e1700000,0x000000f3e1800000)]
  0x000002ba18566a40 JavaThread "Worker-3: Publish Diagnostics" [_thread_blocked, id=3828, stack(0x000000f3e1900000,0x000000f3e1a00000)]
  0x000002ba185643c0 JavaThread "pool-2-thread-1" [_thread_blocked, id=3588, stack(0x000000f3e1a00000,0x000000f3e1b00000)]
  0x000002ba185660a0 JavaThread "pool-1-thread-1" [_thread_blocked, id=10188, stack(0x000000f3e1b00000,0x000000f3e1c00000)]
  0x000002ba18563550 JavaThread "ForkJoinPool.commonPool-worker-1" daemon [_thread_blocked, id=13292, stack(0x000000f3e1600000,0x000000f3e1700000)]
  0x000002ba1ec93e10 JavaThread "ForkJoinPool.commonPool-worker-2" daemon [_thread_blocked, id=2056, stack(0x000000f3e1c00000,0x000000f3e1d00000)]
  0x000002ba1ec91c60 JavaThread "ForkJoinPool.commonPool-worker-3" daemon [_thread_blocked, id=14040, stack(0x000000f3e1d00000,0x000000f3e1e00000)]
  0x000002ba1ec92ad0 JavaThread "ForkJoinPool.commonPool-worker-4" daemon [_thread_blocked, id=12904, stack(0x000000f3e1e00000,0x000000f3e1f00000)]
  0x000002ba1ec8ec40 JavaThread "ForkJoinPool.commonPool-worker-5" daemon [_thread_blocked, id=3156, stack(0x000000f3e1f00000,0x000000f3e2000000)]
  0x000002ba1ec8f110 JavaThread "ForkJoinPool.commonPool-worker-6" daemon [_thread_blocked, id=15948, stack(0x000000f3e2000000,0x000000f3e2100000)]
  0x000002ba1ec92fa0 JavaThread "ForkJoinPool.commonPool-worker-7" daemon [_thread_blocked, id=11260, stack(0x000000f3e2100000,0x000000f3e2200000)]
  0x000002ba1ec92600 JavaThread "Bundle File Closer" daemon [_thread_blocked, id=13964, stack(0x000000f3e2200000,0x000000f3e2300000)]
  0x000002ba1b735220 JavaThread "Worker-4" [_thread_blocked, id=2084, stack(0x000000f3e0300000,0x000000f3e0400000)]
  0x000002ba1b734d50 JavaThread "Worker-5" [_thread_blocked, id=15944, stack(0x000000f3df300000,0x000000f3df400000)]
  0x000002ba1ec942e0 JavaThread "Worker-6" [_thread_blocked, id=3400, stack(0x000000f3df400000,0x000000f3df500000)]
  0x000002ba1ec93940 JavaThread "pool-1-thread-4" [_thread_blocked, id=13944, stack(0x000000f3df600000,0x000000f3df700000)]

Other Threads:
  0x000002ba15a40c20 VMThread "VM Thread" [stack: 0x000000f3df800000,0x000000f3df900000] [id=5852]
  0x000002ba15db0dd0 WatcherThread [stack: 0x000000f3e0500000,0x000000f3e0600000] [id=16792]
  0x000002ba7e0ab210 GCTaskThread "GC Thread#0" [stack: 0x000000f3df700000,0x000000f3df800000] [id=12340]
  0x000002ba16d73d80 GCTaskThread "GC Thread#1" [stack: 0x000000f3e0600000,0x000000f3e0700000] [id=9672]
  0x000002ba16bf52e0 GCTaskThread "GC Thread#2" [stack: 0x000000f3e0700000,0x000000f3e0800000] [id=11668]
  0x000002ba17c54810 GCTaskThread "GC Thread#3" [stack: 0x000000f3e0800000,0x000000f3e0900000] [id=8544]
=>0x000002ba17c54ec0 GCTaskThread "GC Thread#4" [stack: 0x000000f3e0900000,0x000000f3e0a00000] [id=12832]
  0x000002ba17c55170 GCTaskThread "GC Thread#5" [stack: 0x000000f3e0a00000,0x000000f3e0b00000] [id=8348]
  0x000002ba17c55420 GCTaskThread "GC Thread#6" [stack: 0x000000f3e0b00000,0x000000f3e0c00000] [id=11016]
  0x000002ba16b74fa0 GCTaskThread "GC Thread#7" [stack: 0x000000f3e1100000,0x000000f3e1200000] [id=14840]

Threads with active compile tasks:

VM state: at safepoint (normal execution)

VM Mutex/Monitor currently owned by a thread:  ([mutex/lock_event])
[0x000002ba7e0916a0] Threads_lock - owner thread: 0x000002ba15a40c20
[0x000002ba7e0926f0] Heap_lock - owner thread: 0x000002ba18566a40

Heap address: 0x00000000c0000000, size: 1024 MB, Compressed Oops mode: 32-bit

CDS archive(s) not mapped
Compressed class space mapped at: 0x0000000100000000-0x0000000140000000, reserved size: 1073741824
Narrow klass base: 0x0000000000000000, Narrow klass shift: 3, Narrow klass range: 0x140000000

GC Precious Log:
 CPUs: 8 total, 8 available
 Memory: 7968M
 Large Page Support: Disabled
 NUMA Support: Disabled
 Compressed Oops: Enabled (32-bit)
 Alignments: Space 512K, Generation 512K, Heap 2M
 Heap Min Capacity: 100M
 Heap Initial Capacity: 100M
 Heap Max Capacity: 1G
 Pre-touch: Disabled
 Parallel Workers: 8

Heap:
 PSYoungGen      total 3072K, used 3008K [0x00000000eab00000, 0x00000000eb000000, 0x0000000100000000)
  eden space 2048K, 100% used [0x00000000eab00000,0x00000000ead00000,0x00000000ead00000)
  from space 1024K, 93% used [0x00000000ead00000,0x00000000eadf0000,0x00000000eae00000)
  to   space 1536K, 58% used [0x00000000eae80000,0x00000000eaf60000,0x00000000eb000000)
 ParOldGen       total 567296K, used 543716K [0x00000000c0000000, 0x00000000e2a00000, 0x00000000eab00000)
  object space 567296K, 95% used [0x00000000c0000000,0x00000000e12f9380,0x00000000e2a00000)
 Metaspace       used 79688K, committed 80832K, reserved 1122304K
  class space    used 7915K, committed 8448K, reserved 1048576K

Card table byte_map: [0x000002ba7fb20000,0x000002ba7fd30000] _byte_map_base: 0x000002ba7f520000

Marking Bits: (ParMarkBitMap*) 0x00007fffbd673e70
 Begin Bits: [0x000002ba11bc0000, 0x000002ba12bc0000)
 End Bits:   [0x000002ba12bc0000, 0x000002ba13bc0000)

Polling page: 0x000002ba7e160000

Metaspace:

Usage:
  Non-class:     70.09 MB used.
      Class:      7.73 MB used.
       Both:     77.82 MB used.

Virtual space:
  Non-class space:       72.00 MB reserved,      70.69 MB ( 98%) committed,  9 nodes.
      Class space:        1.00 GB reserved,       8.25 MB ( <1%) committed,  1 nodes.
             Both:        1.07 GB reserved,      78.94 MB (  7%) committed. 

Chunk freelists:
   Non-Class:  1.08 MB
       Class:  3.75 MB
        Both:  4.83 MB

MaxMetaspaceSize: unlimited
CompressedClassSpaceSize: 1.00 GB
Initial GC threshold: 21.00 MB
Current GC threshold: 131.38 MB
CDS: off
MetaspaceReclaimPolicy: balanced
 - commit_granule_bytes: 65536.
 - commit_granule_words: 8192.
 - virtual_space_node_default_size: 1048576.
 - enlarge_chunks_in_place: 1.
 - new_chunks_are_fully_committed: 0.
 - uncommit_free_chunks: 1.
 - use_allocation_guard: 0.
 - handle_deallocations: 1.


Internal statistics:

num_allocs_failed_limit: 9.
num_arena_births: 602.
num_arena_deaths: 16.
num_vsnodes_births: 10.
num_vsnodes_deaths: 0.
num_space_committed: 1263.
num_space_uncommitted: 0.
num_chunks_returned_to_freelist: 25.
num_chunks_taken_from_freelist: 3933.
num_chunk_merges: 13.
num_chunk_splits: 2410.
num_chunks_enlarged: 1321.
num_purges: 4.
num_inconsistent_stats: 0.

CodeHeap 'non-profiled nmethods': size=120000Kb used=14640Kb max_used=15608Kb free=105359Kb
 bounds [0x000002ba0a690000, 0x000002ba0b5d0000, 0x000002ba11bc0000]
CodeHeap 'profiled nmethods': size=120000Kb used=28386Kb max_used=29958Kb free=91613Kb
 bounds [0x000002ba02bc0000, 0x000002ba04910000, 0x000002ba0a0f0000]
CodeHeap 'non-nmethods': size=5760Kb used=1391Kb max_used=1554Kb free=4369Kb
 bounds [0x000002ba0a0f0000, 0x000002ba0a360000, 0x000002ba0a690000]
 total_blobs=13832 nmethods=13099 adapters=643
 compilation: enabled
              stopped_count=0, restarted_count=0
 full_count=0

Compilation events (20 events):
Event: 669.095 Thread 0x000002ba15a879d0 17745       4       org.eclipse.jdt.internal.compiler.ast.LocalDeclaration::analyseCode (280 bytes)
Event: 669.131 Thread 0x000002ba15a879d0 nmethod 17745 0x000002ba0af15b90 code [0x000002ba0af15e60, 0x000002ba0af17480]
Event: 669.310 Thread 0x000002ba15a879d0 17750       4       org.eclipse.jdt.internal.compiler.parser.Parser::consumeBinaryExpression (776 bytes)
Event: 669.356 Thread 0x000002ba15a879d0 nmethod 17750 0x000002ba0b3f2790 code [0x000002ba0b3f29e0, 0x000002ba0b3f3828]
Event: 669.739 Thread 0x000002ba15a88380 17751       3       org.eclipse.jdt.internal.compiler.lookup.Scope::createArrayType (32 bytes)
Event: 669.740 Thread 0x000002ba15a88380 nmethod 17751 0x000002ba02c15e10 code [0x000002ba02c16000, 0x000002ba02c165c8]
Event: 669.749 Thread 0x000002ba15a879d0 17752       4       org.eclipse.jdt.internal.corext.dom.GenericVisitor::endVisit (6 bytes)
Event: 669.750 Thread 0x000002ba15a879d0 nmethod 17752 0x000002ba0afe9210 code [0x000002ba0afe9380, 0x000002ba0afe93f8]
Event: 669.868 Thread 0x000002ba15a879d0 17753   !   4       org.eclipse.core.internal.registry.ConfigurationElementHandle::createExecutableExtension (58 bytes)
Event: 669.886 Thread 0x000002ba15a879d0 nmethod 17753 0x000002ba0ab7fe90 code [0x000002ba0ab80060, 0x000002ba0ab80608]
Event: 669.961 Thread 0x000002ba15a879d0 17754       4       java.util.regex.Matcher::appendExpandedReplacement (514 bytes)
Event: 670.022 Thread 0x000002ba15a879d0 nmethod 17754 0x000002ba0ade8990 code [0x000002ba0ade8ba0, 0x000002ba0ade9d28]
Event: 670.022 Thread 0x000002ba15a879d0 17755       4       org.eclipse.jdt.internal.core.SearchableEnvironment::hasCompilationUnit (224 bytes)
Event: 670.043 Thread 0x000002ba15a879d0 nmethod 17755 0x000002ba0ac1b110 code [0x000002ba0ac1b320, 0x000002ba0ac1b9e0]
Event: 670.043 Thread 0x000002ba15a879d0 17756       4       org.eclipse.jdt.core.dom.ASTNode::postReplaceChild (46 bytes)
Event: 670.057 Thread 0x000002ba15a88380 17757       3       org.eclipse.jdt.internal.compiler.lookup.CompilationUnitScope::faultInImports (1110 bytes)
Event: 670.058 Thread 0x000002ba15a879d0 nmethod 17756 0x000002ba0af49a90 code [0x000002ba0af49c40, 0x000002ba0af4a8c8]
Event: 670.069 Thread 0x000002ba15a88380 nmethod 17757 0x000002ba0420fe10 code [0x000002ba04210540, 0x000002ba04215c88]
Event: 670.073 Thread 0x000002ba15a879d0 17758   !   4       org.eclipse.jdt.internal.compiler.parser.Scanner::getNextCharAsDigit (133 bytes)
Event: 670.080 Thread 0x000002ba15a879d0 nmethod 17758 0x000002ba0ad8ed90 code [0x000002ba0ad8ef20, 0x000002ba0ad8f218]

GC Heap History (20 events):
Event: 669.014 GC heap after
{Heap after GC invocations=1743 (full 51):
 PSYoungGen      total 3584K, used 688K [0x00000000eab00000, 0x00000000eaf80000, 0x0000000100000000)
  eden space 2560K, 0% used [0x00000000eab00000,0x00000000eab00000,0x00000000ead80000)
  from space 1024K, 67% used [0x00000000eae80000,0x00000000eaf2c010,0x00000000eaf80000)
  to   space 1024K, 0% used [0x00000000ead80000,0x00000000ead80000,0x00000000eae80000)
 ParOldGen       total 151040K, used 123574K [0x00000000c0000000, 0x00000000c9380000, 0x00000000eab00000)
  object space 151040K, 81% used [0x00000000c0000000,0x00000000c78ad990,0x00000000c9380000)
 Metaspace       used 79688K, committed 80832K, reserved 1122304K
  class space    used 7915K, committed 8448K, reserved 1048576K
}
Event: 669.307 GC heap before
{Heap before GC invocations=1744 (full 51):
 PSYoungGen      total 3584K, used 3248K [0x00000000eab00000, 0x00000000eaf80000, 0x0000000100000000)
  eden space 2560K, 100% used [0x00000000eab00000,0x00000000ead80000,0x00000000ead80000)
  from space 1024K, 67% used [0x00000000eae80000,0x00000000eaf2c010,0x00000000eaf80000)
  to   space 1024K, 0% used [0x00000000ead80000,0x00000000ead80000,0x00000000eae80000)
 ParOldGen       total 151040K, used 123574K [0x00000000c0000000, 0x00000000c9380000, 0x00000000eab00000)
  object space 151040K, 81% used [0x00000000c0000000,0x00000000c78ad990,0x00000000c9380000)
 Metaspace       used 79688K, committed 80832K, reserved 1122304K
  class space    used 7915K, committed 8448K, reserved 1048576K
}
Event: 669.309 GC heap after
{Heap after GC invocations=1744 (full 51):
 PSYoungGen      total 3584K, used 256K [0x00000000eab00000, 0x00000000eaf00000, 0x0000000100000000)
  eden space 2560K, 0% used [0x00000000eab00000,0x00000000eab00000,0x00000000ead80000)
  from space 1024K, 25% used [0x00000000ead80000,0x00000000eadc0000,0x00000000eae80000)
  to   space 512K, 0% used [0x00000000eae80000,0x00000000eae80000,0x00000000eaf00000)
 ParOldGen       total 151040K, used 124117K [0x00000000c0000000, 0x00000000c9380000, 0x00000000eab00000)
  object space 151040K, 82% used [0x00000000c0000000,0x00000000c7935628,0x00000000c9380000)
 Metaspace       used 79688K, committed 80832K, reserved 1122304K
  class space    used 7915K, committed 8448K, reserved 1048576K
}
Event: 669.423 GC heap before
{Heap before GC invocations=1745 (full 51):
 PSYoungGen      total 3584K, used 2804K [0x00000000eab00000, 0x00000000eaf00000, 0x0000000100000000)
  eden space 2560K, 99% used [0x00000000eab00000,0x00000000ead7d038,0x00000000ead80000)
  from space 1024K, 25% used [0x00000000ead80000,0x00000000eadc0000,0x00000000eae80000)
  to   space 512K, 0% used [0x00000000eae80000,0x00000000eae80000,0x00000000eaf00000)
 ParOldGen       total 151040K, used 124117K [0x00000000c0000000, 0x00000000c9380000, 0x00000000eab00000)
  object space 151040K, 82% used [0x00000000c0000000,0x00000000c7935628,0x00000000c9380000)
 Metaspace       used 79688K, committed 80832K, reserved 1122304K
  class space    used 7915K, committed 8448K, reserved 1048576K
}
Event: 669.425 GC heap after
{Heap after GC invocations=1745 (full 51):
 PSYoungGen      total 2560K, used 512K [0x00000000eab00000, 0x00000000eb080000, 0x0000000100000000)
  eden space 2048K, 0% used [0x00000000eab00000,0x00000000eab00000,0x00000000ead00000)
  from space 512K, 100% used [0x00000000eae80000,0x00000000eaf00000,0x00000000eaf00000)
  to   space 1536K, 0% used [0x00000000ead00000,0x00000000ead00000,0x00000000eae80000)
 ParOldGen       total 151040K, used 124594K [0x00000000c0000000, 0x00000000c9380000, 0x00000000eab00000)
  object space 151040K, 82% used [0x00000000c0000000,0x00000000c79acac8,0x00000000c9380000)
 Metaspace       used 79688K, committed 80832K, reserved 1122304K
  class space    used 7915K, committed 8448K, reserved 1048576K
}
Event: 669.735 GC heap before
{Heap before GC invocations=1746 (full 51):
 PSYoungGen      total 2560K, used 2560K [0x00000000eab00000, 0x00000000eb080000, 0x0000000100000000)
  eden space 2048K, 100% used [0x00000000eab00000,0x00000000ead00000,0x00000000ead00000)
  from space 512K, 100% used [0x00000000eae80000,0x00000000eaf00000,0x00000000eaf00000)
  to   space 1536K, 0% used [0x00000000ead00000,0x00000000ead00000,0x00000000eae80000)
 ParOldGen       total 151040K, used 124594K [0x00000000c0000000, 0x00000000c9380000, 0x00000000eab00000)
  object space 151040K, 82% used [0x00000000c0000000,0x00000000c79acac8,0x00000000c9380000)
 Metaspace       used 79688K, committed 80832K, reserved 1122304K
  class space    used 7915K, committed 8448K, reserved 1048576K
}
Event: 669.738 GC heap after
{Heap after GC invocations=1746 (full 51):
 PSYoungGen      total 2560K, used 464K [0x00000000eab00000, 0x00000000eaf00000, 0x0000000100000000)
  eden space 2048K, 0% used [0x00000000eab00000,0x00000000eab00000,0x00000000ead00000)
  from space 512K, 90% used [0x00000000ead00000,0x00000000ead74010,0x00000000ead80000)
  to   space 1024K, 0% used [0x00000000eae00000,0x00000000eae00000,0x00000000eaf00000)
 ParOldGen       total 151040K, used 125122K [0x00000000c0000000, 0x00000000c9380000, 0x00000000eab00000)
  object space 151040K, 82% used [0x00000000c0000000,0x00000000c7a30ac8,0x00000000c9380000)
 Metaspace       used 79688K, committed 80832K, reserved 1122304K
  class space    used 7915K, committed 8448K, reserved 1048576K
}
Event: 669.958 GC heap before
{Heap before GC invocations=1747 (full 51):
 PSYoungGen      total 2560K, used 2512K [0x00000000eab00000, 0x00000000eaf00000, 0x0000000100000000)
  eden space 2048K, 100% used [0x00000000eab00000,0x00000000ead00000,0x00000000ead00000)
  from space 512K, 90% used [0x00000000ead00000,0x00000000ead74010,0x00000000ead80000)
  to   space 1024K, 0% used [0x00000000eae00000,0x00000000eae00000,0x00000000eaf00000)
 ParOldGen       total 151040K, used 125122K [0x00000000c0000000, 0x00000000c9380000, 0x00000000eab00000)
  object space 151040K, 82% used [0x00000000c0000000,0x00000000c7a30ac8,0x00000000c9380000)
 Metaspace       used 79688K, committed 80832K, reserved 1122304K
  class space    used 7915K, committed 8448K, reserved 1048576K
}
Event: 669.960 GC heap after
{Heap after GC invocations=1747 (full 51):
 PSYoungGen      total 3072K, used 704K [0x00000000eab00000, 0x00000000eaf00000, 0x0000000100000000)
  eden space 2048K, 0% used [0x00000000eab00000,0x00000000eab00000,0x00000000ead00000)
  from space 1024K, 68% used [0x00000000eae00000,0x00000000eaeb0000,0x00000000eaf00000)
  to   space 1024K, 0% used [0x00000000ead00000,0x00000000ead00000,0x00000000eae00000)
 ParOldGen       total 151040K, used 125431K [0x00000000c0000000, 0x00000000c9380000, 0x00000000eab00000)
  object space 151040K, 83% used [0x00000000c0000000,0x00000000c7a7df68,0x00000000c9380000)
 Metaspace       used 79688K, committed 80832K, reserved 1122304K
  class space    used 7915K, committed 8448K, reserved 1048576K
}
Event: 669.976 GC heap before
{Heap before GC invocations=1748 (full 51):
 PSYoungGen      total 3072K, used 2752K [0x00000000eab00000, 0x00000000eaf00000, 0x0000000100000000)
  eden space 2048K, 100% used [0x00000000eab00000,0x00000000ead00000,0x00000000ead00000)
  from space 1024K, 68% used [0x00000000eae00000,0x00000000eaeb0000,0x00000000eaf00000)
  to   space 1024K, 0% used [0x00000000ead00000,0x00000000ead00000,0x00000000eae00000)
 ParOldGen       total 151040K, used 125431K [0x00000000c0000000, 0x00000000c9380000, 0x00000000eab00000)
  object space 151040K, 83% used [0x00000000c0000000,0x00000000c7a7df68,0x00000000c9380000)
 Metaspace       used 79688K, committed 80832K, reserved 1122304K
  class space    used 7915K, committed 8448K, reserved 1048576K
}
Event: 669.978 GC heap after
{Heap after GC invocations=1748 (full 51):
 PSYoungGen      total 3072K, used 976K [0x00000000eab00000, 0x00000000eb000000, 0x0000000100000000)
  eden space 2048K, 0% used [0x00000000eab00000,0x00000000eab00000,0x00000000ead00000)
  from space 1024K, 95% used [0x00000000ead00000,0x00000000eadf4010,0x00000000eae00000)
  to   space 1536K, 0% used [0x00000000eae80000,0x00000000eae80000,0x00000000eb000000)
 ParOldGen       total 151040K, used 125431K [0x00000000c0000000, 0x00000000c9380000, 0x00000000eab00000)
  object space 151040K, 83% used [0x00000000c0000000,0x00000000c7a7df68,0x00000000c9380000)
 Metaspace       used 79688K, committed 80832K, reserved 1122304K
  class space    used 7915K, committed 8448K, reserved 1048576K
}
Event: 670.030 GC heap before
{Heap before GC invocations=1749 (full 51):
 PSYoungGen      total 3072K, used 3024K [0x00000000eab00000, 0x00000000eb000000, 0x0000000100000000)
  eden space 2048K, 99% used [0x00000000eab00000,0x00000000eacffff0,0x00000000ead00000)
  from space 1024K, 95% used [0x00000000ead00000,0x00000000eadf4010,0x00000000eae00000)
  to   space 1536K, 0% used [0x00000000eae80000,0x00000000eae80000,0x00000000eb000000)
 ParOldGen       total 151040K, used 125431K [0x00000000c0000000, 0x00000000c9380000, 0x00000000eab00000)
  object space 151040K, 83% used [0x00000000c0000000,0x00000000c7a7df68,0x00000000c9380000)
 Metaspace       used 79688K, committed 80832K, reserved 1122304K
  class space    used 7915K, committed 8448K, reserved 1048576K
}
Event: 670.033 GC heap after
{Heap after GC invocations=1749 (full 51):
 PSYoungGen      total 3072K, used 656K [0x00000000eab00000, 0x00000000eaf80000, 0x0000000100000000)
  eden space 2048K, 0% used [0x00000000eab00000,0x00000000eab00000,0x00000000ead00000)
  from space 1024K, 64% used [0x00000000eae80000,0x00000000eaf24010,0x00000000eaf80000)
  to   space 1024K, 0% used [0x00000000ead00000,0x00000000ead00000,0x00000000eae00000)
 ParOldGen       total 151040K, used 125999K [0x00000000c0000000, 0x00000000c9380000, 0x00000000eab00000)
  object space 151040K, 83% used [0x00000000c0000000,0x00000000c7b0bf88,0x00000000c9380000)
 Metaspace       used 79688K, committed 80832K, reserved 1122304K
  class space    used 7915K, committed 8448K, reserved 1048576K
}
Event: 670.049 GC heap before
{Heap before GC invocations=1750 (full 51):
 PSYoungGen      total 3072K, used 2704K [0x00000000eab00000, 0x00000000eaf80000, 0x0000000100000000)
  eden space 2048K, 100% used [0x00000000eab00000,0x00000000ead00000,0x00000000ead00000)
  from space 1024K, 64% used [0x00000000eae80000,0x00000000eaf24010,0x00000000eaf80000)
  to   space 1024K, 0% used [0x00000000ead00000,0x00000000ead00000,0x00000000eae00000)
 ParOldGen       total 151040K, used 125999K [0x00000000c0000000, 0x00000000c9380000, 0x00000000eab00000)
  object space 151040K, 83% used [0x00000000c0000000,0x00000000c7b0bf88,0x00000000c9380000)
 Metaspace       used 79688K, committed 80832K, reserved 1122304K
  class space    used 7915K, committed 8448K, reserved 1048576K
}
Event: 670.051 GC heap after
{Heap after GC invocations=1750 (full 51):
 PSYoungGen      total 3072K, used 864K [0x00000000eab00000, 0x00000000eaf00000, 0x0000000100000000)
  eden space 2048K, 0% used [0x00000000eab00000,0x00000000eab00000,0x00000000ead00000)
  from space 1024K, 84% used [0x00000000ead00000,0x00000000eadd8000,0x00000000eae00000)
  to   space 1024K, 0% used [0x00000000eae00000,0x00000000eae00000,0x00000000eaf00000)
 ParOldGen       total 151040K, used 125999K [0x00000000c0000000, 0x00000000c9380000, 0x00000000eab00000)
  object space 151040K, 83% used [0x00000000c0000000,0x00000000c7b0bf88,0x00000000c9380000)
 Metaspace       used 79688K, committed 80832K, reserved 1122304K
  class space    used 7915K, committed 8448K, reserved 1048576K
}
Event: 670.069 GC heap before
{Heap before GC invocations=1751 (full 51):
 PSYoungGen      total 3072K, used 2912K [0x00000000eab00000, 0x00000000eaf00000, 0x0000000100000000)
  eden space 2048K, 100% used [0x00000000eab00000,0x00000000ead00000,0x00000000ead00000)
  from space 1024K, 84% used [0x00000000ead00000,0x00000000eadd8000,0x00000000eae00000)
  to   space 1024K, 0% used [0x00000000eae00000,0x00000000eae00000,0x00000000eaf00000)
 ParOldGen       total 151040K, used 125999K [0x00000000c0000000, 0x00000000c9380000, 0x00000000eab00000)
  object space 151040K, 83% used [0x00000000c0000000,0x00000000c7b0bf88,0x00000000c9380000)
 Metaspace       used 79688K, committed 80832K, reserved 1122304K
  class space    used 7915K, committed 8448K, reserved 1048576K
}
Event: 670.071 GC heap after
{Heap after GC invocations=1751 (full 51):
 PSYoungGen      total 3072K, used 352K [0x00000000eab00000, 0x00000000eaf00000, 0x0000000100000000)
  eden space 2048K, 0% used [0x00000000eab00000,0x00000000eab00000,0x00000000ead00000)
  from space 1024K, 34% used [0x00000000eae00000,0x00000000eae58000,0x00000000eaf00000)
  to   space 1024K, 0% used [0x00000000ead00000,0x00000000ead00000,0x00000000eae00000)
 ParOldGen       total 151040K, used 126517K [0x00000000c0000000, 0x00000000c9380000, 0x00000000eab00000)
  object space 151040K, 83% used [0x00000000c0000000,0x00000000c7b8d428,0x00000000c9380000)
 Metaspace       used 79688K, committed 80832K, reserved 1122304K
  class space    used 7915K, committed 8448K, reserved 1048576K
}
Event: 670.089 GC heap before
{Heap before GC invocations=1752 (full 51):
 PSYoungGen      total 3072K, used 2400K [0x00000000eab00000, 0x00000000eaf00000, 0x0000000100000000)
  eden space 2048K, 100% used [0x00000000eab00000,0x00000000ead00000,0x00000000ead00000)
  from space 1024K, 34% used [0x00000000eae00000,0x00000000eae58000,0x00000000eaf00000)
  to   space 1024K, 0% used [0x00000000ead00000,0x00000000ead00000,0x00000000eae00000)
 ParOldGen       total 151040K, used 126517K [0x00000000c0000000, 0x00000000c9380000, 0x00000000eab00000)
  object space 151040K, 83% used [0x00000000c0000000,0x00000000c7b8d428,0x00000000c9380000)
 Metaspace       used 79688K, committed 80832K, reserved 1122304K
  class space    used 7915K, committed 8448K, reserved 1048576K
}
Event: 670.091 GC heap after
{Heap after GC invocations=1752 (full 51):
 PSYoungGen      total 3072K, used 960K [0x00000000eab00000, 0x00000000eb000000, 0x0000000100000000)
  eden space 2048K, 0% used [0x00000000eab00000,0x00000000eab00000,0x00000000ead00000)
  from space 1024K, 93% used [0x00000000ead00000,0x00000000eadf0000,0x00000000eae00000)
  to   space 1536K, 0% used [0x00000000eae80000,0x00000000eae80000,0x00000000eb000000)
 ParOldGen       total 151040K, used 126771K [0x00000000c0000000, 0x00000000c9380000, 0x00000000eab00000)
  object space 151040K, 83% used [0x00000000c0000000,0x00000000c7bcce88,0x00000000c9380000)
 Metaspace       used 79688K, committed 80832K, reserved 1122304K
  class space    used 7915K, committed 8448K, reserved 1048576K
}
Event: 670.107 GC heap before
{Heap before GC invocations=1753 (full 51):
 PSYoungGen      total 3072K, used 3008K [0x00000000eab00000, 0x00000000eb000000, 0x0000000100000000)
  eden space 2048K, 100% used [0x00000000eab00000,0x00000000ead00000,0x00000000ead00000)
  from space 1024K, 93% used [0x00000000ead00000,0x00000000eadf0000,0x00000000eae00000)
  to   space 1536K, 0% used [0x00000000eae80000,0x00000000eae80000,0x00000000eb000000)
 ParOldGen       total 151040K, used 126771K [0x00000000c0000000, 0x00000000c9380000, 0x00000000eab00000)
  object space 151040K, 83% used [0x00000000c0000000,0x00000000c7bcce88,0x00000000c9380000)
 Metaspace       used 79688K, committed 80832K, reserved 1122304K
  class space    used 7915K, committed 8448K, reserved 1048576K
}

Dll operation events (11 events):
Event: 0.012 Loaded shared library c:\Users\MTS\.vscode\extensions\redhat.java-1.16.0-win32-x64\jre\17.0.6-win32-x86_64\bin\java.dll
Event: 0.226 Loaded shared library c:\Users\MTS\.vscode\extensions\redhat.java-1.16.0-win32-x64\jre\17.0.6-win32-x86_64\bin\zip.dll
Event: 0.230 Loaded shared library C:\Users\MTS\.vscode\extensions\redhat.java-1.16.0-win32-x64\jre\17.0.6-win32-x86_64\bin\instrument.dll
Event: 0.250 Loaded shared library C:\Users\MTS\.vscode\extensions\redhat.java-1.16.0-win32-x64\jre\17.0.6-win32-x86_64\bin\net.dll
Event: 0.253 Loaded shared library C:\Users\MTS\.vscode\extensions\redhat.java-1.16.0-win32-x64\jre\17.0.6-win32-x86_64\bin\nio.dll
Event: 0.264 Loaded shared library C:\Users\MTS\.vscode\extensions\redhat.java-1.16.0-win32-x64\jre\17.0.6-win32-x86_64\bin\zip.dll
Event: 0.283 Loaded shared library C:\Users\MTS\.vscode\extensions\redhat.java-1.16.0-win32-x64\jre\17.0.6-win32-x86_64\bin\jimage.dll
Event: 0.346 Loaded shared library c:\Users\MTS\.vscode\extensions\redhat.java-1.16.0-win32-x64\jre\17.0.6-win32-x86_64\bin\verify.dll
Event: 1.689 Loaded shared library C:\Users\MTS\AppData\Roaming\Code\User\globalStorage\redhat.java\1.16.0\config_win\org.eclipse.equinox.launcher\org.eclipse.equinox.launcher.win32.win32.x86_64_1.2.700.v20221108-1024\eclipse_11801.dll
Event: 3.885 Loaded shared library C:\Users\MTS\AppData\Local\Temp\jna-76684\jna14190814314508668000.dll
Event: 5.727 Loaded shared library C:\Users\MTS\.vscode\extensions\redhat.java-1.16.0-win32-x64\jre\17.0.6-win32-x86_64\bin\sunmscapi.dll

Deoptimization events (20 events):
Event: 668.106 Thread 0x000002ba1ec92ad0 Uncommon trap: trap_request=0xffffffde fr.pc=0x000002ba0b540328 relative=0x00000000000015e8
Event: 668.106 Thread 0x000002ba1ec92ad0 Uncommon trap: reason=class_check action=maybe_recompile pc=0x000002ba0b540328 method=org.eclipse.jdt.internal.compiler.parser.Parser.consumeRule(I)V @ 4539 c2
Event: 668.106 Thread 0x000002ba1ec92ad0 DEOPT PACKING pc=0x000002ba0b540328 sp=0x000000f3e1efe5d0
Event: 668.106 Thread 0x000002ba1ec92ad0 DEOPT UNPACKING pc=0x000002ba0a1466a3 sp=0x000000f3e1efe560 mode 2
Event: 668.113 Thread 0x000002ba1ec92ad0 Uncommon trap: trap_request=0xffffffde fr.pc=0x000002ba0aa895b4 relative=0x00000000000019f4
Event: 668.113 Thread 0x000002ba1ec92ad0 Uncommon trap: reason=class_check action=maybe_recompile pc=0x000002ba0aa895b4 method=org.eclipse.jdt.internal.compiler.lookup.ClassScope.buildFields()V @ 59 c2
Event: 668.113 Thread 0x000002ba1ec92ad0 DEOPT PACKING pc=0x000002ba0aa895b4 sp=0x000000f3e1efe670
Event: 668.113 Thread 0x000002ba1ec92ad0 DEOPT UNPACKING pc=0x000002ba0a1466a3 sp=0x000000f3e1efe618 mode 2
Event: 668.113 Thread 0x000002ba1ec92ad0 Uncommon trap: trap_request=0xffffff45 fr.pc=0x000002ba0ae51b88 relative=0x00000000000056e8
Event: 668.113 Thread 0x000002ba1ec92ad0 Uncommon trap: reason=unstable_if action=reinterpret pc=0x000002ba0ae51b88 method=org.eclipse.jdt.internal.compiler.lookup.CompilationUnitScope.faultInImports()V @ 48 c2
Event: 668.113 Thread 0x000002ba1ec92ad0 DEOPT PACKING pc=0x000002ba0ae51b88 sp=0x000000f3e1efe750
Event: 668.113 Thread 0x000002ba1ec92ad0 DEOPT UNPACKING pc=0x000002ba0a1466a3 sp=0x000000f3e1efe6f8 mode 2
Event: 668.243 Thread 0x000002ba18565700 Uncommon trap: trap_request=0xffffff45 fr.pc=0x000002ba0b3641bc relative=0x000000000000039c
Event: 668.243 Thread 0x000002ba18565700 Uncommon trap: reason=unstable_if action=reinterpret pc=0x000002ba0b3641bc method=org.eclipse.jdt.internal.core.index.DiskIndex.writeDocumentNumbers([ILjava/io/FileOutputStream;)V @ 127 c2
Event: 668.243 Thread 0x000002ba18565700 DEOPT PACKING pc=0x000002ba0b3641bc sp=0x000000f3e15feaf0
Event: 668.243 Thread 0x000002ba18565700 DEOPT UNPACKING pc=0x000002ba0a1466a3 sp=0x000000f3e15fea70 mode 2
Event: 668.644 Thread 0x000002ba1ec93940 Uncommon trap: trap_request=0xffffff45 fr.pc=0x000002ba0b3b3a9c relative=0x0000000000000bdc
Event: 668.644 Thread 0x000002ba1ec93940 Uncommon trap: reason=unstable_if action=reinterpret pc=0x000002ba0b3b3a9c method=org.eclipse.jdt.internal.core.Openable.getBuffer()Lorg/eclipse/jdt/core/IBuffer; @ 36 c2
Event: 668.644 Thread 0x000002ba1ec93940 DEOPT PACKING pc=0x000002ba0b3b3a9c sp=0x000000f3df6fee40
Event: 668.644 Thread 0x000002ba1ec93940 DEOPT UNPACKING pc=0x000002ba0a1466a3 sp=0x000000f3df6fee48 mode 2

Classes unloaded (8 events):
Event: 2.610 Thread 0x000002ba15a40c20 Unloading class 0x000000010021a400 'java/lang/invoke/LambdaForm$MH+0x000000010021a400'
Event: 2.610 Thread 0x000002ba15a40c20 Unloading class 0x000000010021a000 'java/lang/invoke/LambdaForm$MH+0x000000010021a000'
Event: 2.610 Thread 0x000002ba15a40c20 Unloading class 0x0000000100219c00 'java/lang/invoke/LambdaForm$MH+0x0000000100219c00'
Event: 2.610 Thread 0x000002ba15a40c20 Unloading class 0x0000000100219800 'java/lang/invoke/LambdaForm$MH+0x0000000100219800'
Event: 2.610 Thread 0x000002ba15a40c20 Unloading class 0x0000000100219000 'java/lang/invoke/LambdaForm$BMH+0x0000000100219000'
Event: 2.610 Thread 0x000002ba15a40c20 Unloading class 0x0000000100218c00 'java/lang/invoke/LambdaForm$DMH+0x0000000100218c00'
Event: 2.610 Thread 0x000002ba15a40c20 Unloading class 0x0000000100216000 'java/lang/invoke/LambdaForm$DMH+0x0000000100216000'
Event: 9.222 Thread 0x000002ba15a40c20 Unloading class 0x000000010060e000 'java/lang/invoke/LambdaForm$DMH+0x000000010060e000'

Classes redefined (0 events):
No events

Internal exceptions (20 events):
Event: 669.309 Thread 0x000002ba1b735220 Implicit null exception at 0x000002ba04786776 to 0x000002ba04786dfd
Event: 669.309 Thread 0x000002ba1b735220 Exception <a 'java/lang/NullPointerException'{0x00000000eab06a58}> (0x00000000eab06a58) 
thrown [s\src\hotspot\share\runtime\sharedRuntime.cpp, line 628]
Event: 669.362 Thread 0x000002ba1ec92ad0 Implicit null exception at 0x000002ba04786776 to 0x000002ba04786dfd
Event: 669.362 Thread 0x000002ba1ec92ad0 Exception <a 'java/lang/NullPointerException'{0x00000000eac0ab60}> (0x00000000eac0ab60) 
thrown [s\src\hotspot\share\runtime\sharedRuntime.cpp, line 628]
Event: 669.363 Thread 0x000002ba1ec92ad0 Implicit null exception at 0x000002ba04786776 to 0x000002ba04786dfd
Event: 669.363 Thread 0x000002ba1ec92ad0 Exception <a 'java/lang/NullPointerException'{0x00000000eac1c040}> (0x00000000eac1c040) 
thrown [s\src\hotspot\share\runtime\sharedRuntime.cpp, line 628]
Event: 669.447 Thread 0x000002ba18566a40 Implicit null exception at 0x000002ba04786776 to 0x000002ba04786dfd
Event: 669.447 Thread 0x000002ba18566a40 Exception <a 'java/lang/NullPointerException'{0x00000000eab6e968}> (0x00000000eab6e968) 
thrown [s\src\hotspot\share\runtime\sharedRuntime.cpp, line 628]
Event: 669.615 Thread 0x000002ba1b735220 Implicit null exception at 0x000002ba04786776 to 0x000002ba04786dfd
Event: 669.616 Thread 0x000002ba1b735220 Exception <a 'java/lang/NullPointerException'{0x00000000eabe3f80}> (0x00000000eabe3f80) 
thrown [s\src\hotspot\share\runtime\sharedRuntime.cpp, line 628]
Event: 669.730 Thread 0x000002ba1ec92ad0 Implicit null exception at 0x000002ba04786776 to 0x000002ba04786dfd
Event: 669.730 Thread 0x000002ba1ec92ad0 Exception <a 'java/lang/NullPointerException'{0x00000000eace1818}> (0x00000000eace1818) 
thrown [s\src\hotspot\share\runtime\sharedRuntime.cpp, line 628]
Event: 669.732 Thread 0x000002ba1ec92ad0 Implicit null exception at 0x000002ba04786776 to 0x000002ba04786dfd
Event: 669.732 Thread 0x000002ba1ec92ad0 Exception <a 'java/lang/NullPointerException'{0x00000000eacf60c8}> (0x00000000eacf60c8) 
thrown [s\src\hotspot\share\runtime\sharedRuntime.cpp, line 628]
Event: 670.073 Thread 0x000002ba18566a40 Implicit null exception at 0x000002ba04786776 to 0x000002ba04786dfd
Event: 670.073 Thread 0x000002ba18566a40 Exception <a 'java/lang/NullPointerException'{0x00000000eab399e8}> (0x00000000eab399e8) 
thrown [s\src\hotspot\share\runtime\sharedRuntime.cpp, line 628]
Event: 670.086 Thread 0x000002ba18566a40 Implicit null exception at 0x000002ba04786776 to 0x000002ba04786dfd
Event: 670.087 Thread 0x000002ba18566a40 Exception <a 'java/lang/NullPointerException'{0x00000000eaccea68}> (0x00000000eaccea68) 
thrown [s\src\hotspot\share\runtime\sharedRuntime.cpp, line 628]
Event: 670.100 Thread 0x000002ba18566a40 Implicit null exception at 0x000002ba04786776 to 0x000002ba04786dfd
Event: 670.101 Thread 0x000002ba18566a40 Exception <a 'java/lang/NullPointerException'{0x00000000eac44580}> (0x00000000eac44580) 
thrown [s\src\hotspot\share\runtime\sharedRuntime.cpp, line 628]

VM Operations (20 events):
Event: 669.014 Executing VM operation: ParallelGCFailedAllocation done
Event: 669.307 Executing VM operation: ParallelGCFailedAllocation
Event: 669.309 Executing VM operation: ParallelGCFailedAllocation done
Event: 669.423 Executing VM operation: ParallelGCFailedAllocation
Event: 669.425 Executing VM operation: ParallelGCFailedAllocation done
Event: 669.735 Executing VM operation: ParallelGCFailedAllocation
Event: 669.738 Executing VM operation: ParallelGCFailedAllocation done
Event: 669.957 Executing VM operation: ParallelGCFailedAllocation
Event: 669.960 Executing VM operation: ParallelGCFailedAllocation done
Event: 669.976 Executing VM operation: ParallelGCFailedAllocation
Event: 669.978 Executing VM operation: ParallelGCFailedAllocation done
Event: 670.030 Executing VM operation: ParallelGCFailedAllocation
Event: 670.033 Executing VM operation: ParallelGCFailedAllocation done
Event: 670.049 Executing VM operation: ParallelGCFailedAllocation
Event: 670.051 Executing VM operation: ParallelGCFailedAllocation done
Event: 670.069 Executing VM operation: ParallelGCFailedAllocation
Event: 670.071 Executing VM operation: ParallelGCFailedAllocation done
Event: 670.089 Executing VM operation: ParallelGCFailedAllocation
Event: 670.091 Executing VM operation: ParallelGCFailedAllocation done
Event: 670.107 Executing VM operation: ParallelGCFailedAllocation

Events (20 events):
Event: 668.150 Thread 0x000002ba15a91450 flushing nmethod 0x000002ba04080810
Event: 668.150 Thread 0x000002ba15a91450 flushing nmethod 0x000002ba040a2590
Event: 668.150 Thread 0x000002ba15a91450 flushing nmethod 0x000002ba040aa510
Event: 668.150 Thread 0x000002ba15a91450 flushing nmethod 0x000002ba040ab910
Event: 668.150 Thread 0x000002ba15a91450 flushing nmethod 0x000002ba040c8a10
Event: 668.151 Thread 0x000002ba15a91450 flushing nmethod 0x000002ba04142e90
Event: 668.151 Thread 0x000002ba15a91450 flushing nmethod 0x000002ba04151510
Event: 668.151 Thread 0x000002ba15a91450 flushing nmethod 0x000002ba041a3d10
Event: 668.152 Thread 0x000002ba15a91450 flushing nmethod 0x000002ba0423f290
Event: 668.153 Thread 0x000002ba15a91450 flushing nmethod 0x000002ba0433ef90
Event: 668.153 Thread 0x000002ba15a91450 flushing nmethod 0x000002ba04375c10
Event: 668.153 Thread 0x000002ba15a91450 flushing nmethod 0x000002ba043afe90
Event: 668.154 Thread 0x000002ba15a91450 flushing nmethod 0x000002ba04475110
Event: 668.156 Thread 0x000002ba15a91450 flushing nmethod 0x000002ba04609a90
Event: 668.158 Thread 0x000002ba15a91450 flushing nmethod 0x000002ba04815110
Event: 668.158 Thread 0x000002ba15a91450 flushing nmethod 0x000002ba04825190
Event: 668.158 Thread 0x000002ba15a91450 flushing nmethod 0x000002ba04825890
Event: 668.158 Thread 0x000002ba15a91450 flushing nmethod 0x000002ba0488ac90
Event: 668.948 Thread 0x000002ba1b73b730 Thread added: 0x000002ba1b73b730
Event: 668.978 Thread 0x000002ba1b73b730 Thread exited: 0x000002ba1b73b730


Dynamic libraries:
0x00007ff76a4f0000 - 0x00007ff76a4fe000 	c:\Users\MTS\.vscode\extensions\redhat.java-1.16.0-win32-x64\jre\17.0.6-win32-x86_64\bin\java.exe
0x00007ff84b930000 - 0x00007ff84bb28000 	C:\WINDOWS\SYSTEM32\ntdll.dll
0x00007ff84b4a0000 - 0x00007ff84b55d000 	C:\WINDOWS\System32\KERNEL32.DLL
0x00007ff849050000 - 0x00007ff84931e000 	C:\WINDOWS\System32\KERNELBASE.dll
0x00007ff8464f0000 - 0x00007ff846580000 	C:\WINDOWS\SYSTEM32\apphelp.dll
0x00007ff849490000 - 0x00007ff849590000 	C:\WINDOWS\System32\ucrtbase.dll
0x00007ff82b9f0000 - 0x00007ff82ba07000 	c:\Users\MTS\.vscode\extensions\redhat.java-1.16.0-win32-x64\jre\17.0.6-win32-x86_64\bin\jli.dll
0x00007ff84b6f0000 - 0x00007ff84b890000 	C:\WINDOWS\System32\USER32.dll
0x00007ff849590000 - 0x00007ff8495b2000 	C:\WINDOWS\System32\win32u.dll
0x00007ff84a960000 - 0x00007ff84a98a000 	C:\WINDOWS\System32\GDI32.dll
0x00007ff82adc0000 - 0x00007ff82add9000 	c:\Users\MTS\.vscode\extensions\redhat.java-1.16.0-win32-x64\jre\17.0.6-win32-x86_64\bin\VCRUNTIME140.dll
0x00007ff849650000 - 0x00007ff84975b000 	C:\WINDOWS\System32\gdi32full.dll
0x00007ff8498f0000 - 0x00007ff84998d000 	C:\WINDOWS\System32\msvcp_win.dll
0x00007ff82c140000 - 0x00007ff82c3da000 	C:\WINDOWS\WinSxS\amd64_microsoft.windows.common-controls_6595b64144ccf1df_6.0.19041.1110_none_60b5254171f9507e\COMCTL32.dll
0x00007ff84b080000 - 0x00007ff84b11e000 	C:\WINDOWS\System32\msvcrt.dll
0x00007ff84abe0000 - 0x00007ff84ac10000 	C:\WINDOWS\System32\IMM32.DLL
0x00007ff82b9e0000 - 0x00007ff82b9ec000 	c:\Users\MTS\.vscode\extensions\redhat.java-1.16.0-win32-x64\jre\17.0.6-win32-x86_64\bin\vcruntime140_1.dll
0x00007fffe0460000 - 0x00007fffe04f1000 	c:\Users\MTS\.vscode\extensions\redhat.java-1.16.0-win32-x64\jre\17.0.6-win32-x86_64\bin\msvcp140.dll
0x00007fffbcaf0000 - 0x00007fffbd737000 	c:\Users\MTS\.vscode\extensions\redhat.java-1.16.0-win32-x64\jre\17.0.6-win32-x86_64\bin\server\jvm.dll
0x00007ff84b120000 - 0x00007ff84b1ce000 	C:\WINDOWS\System32\ADVAPI32.dll
0x00007ff84afe0000 - 0x00007ff84b07c000 	C:\WINDOWS\System32\sechost.dll
0x00007ff84ad60000 - 0x00007ff84ae85000 	C:\WINDOWS\System32\RPCRT4.dll
0x00007ff825d80000 - 0x00007ff825d89000 	C:\WINDOWS\SYSTEM32\WSOCK32.dll
0x00007ff84ab70000 - 0x00007ff84abdb000 	C:\WINDOWS\System32\WS2_32.dll
0x00007ff82e0e0000 - 0x00007ff82e107000 	C:\WINDOWS\SYSTEM32\WINMM.dll
0x00007ff8423d0000 - 0x00007ff8423da000 	C:\WINDOWS\SYSTEM32\VERSION.dll
0x00007ff8478e0000 - 0x00007ff8478f2000 	C:\WINDOWS\SYSTEM32\kernel.appcore.dll
0x00007ff82adb0000 - 0x00007ff82adba000 	c:\Users\MTS\.vscode\extensions\redhat.java-1.16.0-win32-x64\jre\17.0.6-win32-x86_64\bin\jimage.dll
0x00007ff846e50000 - 0x00007ff847034000 	C:\WINDOWS\SYSTEM32\DBGHELP.DLL
0x00007ff829250000 - 0x00007ff82927c000 	C:\WINDOWS\SYSTEM32\dbgcore.DLL
0x00007ff8495c0000 - 0x00007ff849642000 	C:\WINDOWS\System32\bcryptPrimitives.dll
0x00007ff82a7a0000 - 0x00007ff82a7ae000 	c:\Users\MTS\.vscode\extensions\redhat.java-1.16.0-win32-x64\jre\17.0.6-win32-x86_64\bin\instrument.dll
0x00007ff822f00000 - 0x00007ff822f25000 	c:\Users\MTS\.vscode\extensions\redhat.java-1.16.0-win32-x64\jre\17.0.6-win32-x86_64\bin\java.dll
0x00007ff826ac0000 - 0x00007ff826ad8000 	c:\Users\MTS\.vscode\extensions\redhat.java-1.16.0-win32-x64\jre\17.0.6-win32-x86_64\bin\zip.dll
0x00007ff849eb0000 - 0x00007ff84a5f4000 	C:\WINDOWS\System32\SHELL32.dll
0x00007ff847130000 - 0x00007ff8478c4000 	C:\WINDOWS\SYSTEM32\windows.storage.dll
0x00007ff84a600000 - 0x00007ff84a954000 	C:\WINDOWS\System32\combase.dll
0x00007ff848ab0000 - 0x00007ff848ae0000 	C:\WINDOWS\SYSTEM32\Wldp.dll
0x00007ff84b560000 - 0x00007ff84b60d000 	C:\WINDOWS\System32\SHCORE.dll
0x00007ff84b890000 - 0x00007ff84b8e5000 	C:\WINDOWS\System32\shlwapi.dll
0x00007ff848f90000 - 0x00007ff848faf000 	C:\WINDOWS\SYSTEM32\profapi.dll
0x00007ff821610000 - 0x00007ff821629000 	C:\Users\MTS\.vscode\extensions\redhat.java-1.16.0-win32-x64\jre\17.0.6-win32-x86_64\bin\net.dll
0x00007ff830c00000 - 0x00007ff830d0a000 	C:\WINDOWS\SYSTEM32\WINHTTP.dll
0x00007ff848810000 - 0x00007ff84887a000 	C:\WINDOWS\system32\mswsock.dll
0x00007ff821240000 - 0x00007ff821255000 	C:\Users\MTS\.vscode\extensions\redhat.java-1.16.0-win32-x64\jre\17.0.6-win32-x86_64\bin\nio.dll
0x00007ff82a790000 - 0x00007ff82a7a0000 	c:\Users\MTS\.vscode\extensions\redhat.java-1.16.0-win32-x64\jre\17.0.6-win32-x86_64\bin\verify.dll
0x00007ff81b110000 - 0x00007ff81b14e000 	C:\Users\MTS\AppData\Roaming\Code\User\globalStorage\redhat.java\1.16.0\config_win\org.eclipse.equinox.launcher\org.eclipse.equinox.launcher.win32.win32.x86_64_1.2.700.v20221108-1024\eclipse_11801.dll
0x00007ff84ac20000 - 0x00007ff84ad4a000 	C:\WINDOWS\System32\ole32.dll
0x00007ff848a10000 - 0x00007ff848a28000 	C:\WINDOWS\SYSTEM32\CRYPTSP.dll
0x00007ff848120000 - 0x00007ff848154000 	C:\WINDOWS\system32\rsaenh.dll
0x00007ff8498c0000 - 0x00007ff8498e7000 	C:\WINDOWS\System32\bcrypt.dll
0x00007ff848f50000 - 0x00007ff848f7e000 	C:\WINDOWS\SYSTEM32\USERENV.dll
0x00007ff848a00000 - 0x00007ff848a0c000 	C:\WINDOWS\SYSTEM32\CRYPTBASE.dll
0x00007ff8484b0000 - 0x00007ff8484eb000 	C:\WINDOWS\SYSTEM32\IPHLPAPI.DLL
0x00007ff84af70000 - 0x00007ff84af78000 	C:\WINDOWS\System32\NSI.dll
0x00007ff83f3c0000 - 0x00007ff83f3d7000 	C:\WINDOWS\SYSTEM32\dhcpcsvc6.DLL
0x00007ff840af0000 - 0x00007ff840b0d000 	C:\WINDOWS\SYSTEM32\dhcpcsvc.DLL
0x00007ff8484f0000 - 0x00007ff8485bb000 	C:\WINDOWS\SYSTEM32\DNSAPI.dll
0x00007ff801e40000 - 0x00007ff801e85000 	C:\Users\MTS\AppData\Local\Temp\jna-76684\jna14190814314508668000.dll
0x00007ff84ac10000 - 0x00007ff84ac18000 	C:\WINDOWS\System32\PSAPI.DLL
0x00007ff843d80000 - 0x00007ff843d8e000 	C:\Users\MTS\.vscode\extensions\redhat.java-1.16.0-win32-x64\jre\17.0.6-win32-x86_64\bin\sunmscapi.dll
0x00007ff849760000 - 0x00007ff8498b6000 	C:\WINDOWS\System32\CRYPT32.dll
0x00007ff848b20000 - 0x00007ff848b47000 	C:\WINDOWS\SYSTEM32\ncrypt.dll
0x00007ff848ae0000 - 0x00007ff848b1b000 	C:\WINDOWS\SYSTEM32\NTASN1.dll
0x0000000055b40000 - 0x0000000055b66000 	C:\Program Files\Bonjour\mdnsNSP.dll
0x00007ff82c000000 - 0x00007ff82c00a000 	C:\Windows\System32\rasadhlp.dll

dbghelp: loaded successfully - version: 4.0.5 - missing functions: none
symbol engine: initialized successfully - sym options: 0x614 - pdb path: .;c:\Users\MTS\.vscode\extensions\redhat.java-1.16.0-win32-x64\jre\17.0.6-win32-x86_64\bin;C:\WINDOWS\SYSTEM32;C:\WINDOWS\WinSxS\amd64_microsoft.windows.common-controls_6595b64144ccf1df_6.0.19041.1110_none_60b5254171f9507e;c:\Users\MTS\.vscode\extensions\redhat.java-1.16.0-win32-x64\jre\17.0.6-win32-x86_64\bin\server;C:\Users\MTS\AppData\Roaming\Code\User\globalStorage\redhat.java\1.16.0\config_win\org.eclipse.equinox.launcher\org.eclipse.equinox.launcher.win32.win32.x86_64_1.2.700.v20221108-1024;C:\Users\MTS\AppData\Local\Temp\jna-76684;C:\Program Files\Bonjour

VM Arguments:
jvm_args: --add-modules=ALL-SYSTEM --add-opens=java.base/java.util=ALL-UNNAMED --add-opens=java.base/java.lang=ALL-UNNAMED --add-opens=java.base/sun.nio.fs=ALL-UNNAMED -Declipse.application=org.eclipse.jdt.ls.core.id1 -Dosgi.bundles.defaultStartLevel=4 -Declipse.product=org.eclipse.jdt.ls.core.product -Djava.import.generatesMetadataFilesAtProjectRoot=false -Dfile.encoding=utf8 -XX:+UseParallelGC -XX:GCTimeRatio=4 -XX:AdaptiveSizePolicyWeight=90 -Dsun.zip.disableMemoryMapping=true -Xmx1G -Xms100m -Xlog:disable -javaagent:c:\Users\MTS\.vscode\extensions\redhat.java-1.16.0-win32-x64\lombok\lombok-1.18.24.jar -XX:+HeapDumpOnOutOfMemoryError -XX:HeapDumpPath=c:\Users\MTS\AppData\Roaming\Code\User\workspaceStorage\7d37bfe697cb71d4417eebd1d28c8ab7\redhat.java 
java_command: c:\Users\MTS\.vscode\extensions\redhat.java-1.16.0-win32-x64\server\plugins\org.eclipse.equinox.launcher_1.6.400.v20210924-0641.jar -configuration c:\Users\MTS\AppData\Roaming\Code\User\globalStorage\redhat.java\1.16.0\config_win -data c:\Users\MTS\AppData\Roaming\Code\User\workspaceStorage\7d37bfe697cb71d4417eebd1d28c8ab7\redhat.java\jdt_ws
java_class_path (initial): c:\Users\MTS\.vscode\extensions\redhat.java-1.16.0-win32-x64\server\plugins\org.eclipse.equinox.launcher_1.6.400.v20210924-0641.jar
Launcher Type: SUN_STANDARD

[Global flags]
    uintx AdaptiveSizePolicyWeight                 = 90                                        {product} {command line}
     intx CICompilerCount                          = 4                                         {product} {ergonomic}
    uintx GCTimeRatio                              = 4                                         {product} {command line}
     bool HeapDumpOnOutOfMemoryError               = true                                   {manageable} {command line}
    ccstr HeapDumpPath                             = c:\Users\MTS\AppData\Roaming\Code\User\workspaceStorage\7d37bfe697cb71d4417eebd1d28c8ab7\redhat.java         {manageable} {command line}
   size_t InitialHeapSize                          = 104857600                                 {product} {command line}
   size_t MaxHeapSize                              = 1073741824                                {product} {command line}
   size_t MaxNewSize                               = 357564416                                 {product} {ergonomic}
   size_t MinHeapDeltaBytes                        = 524288                                    {product} {ergonomic}
   size_t MinHeapSize                              = 104857600                                 {product} {command line}
   size_t NewSize                                  = 34603008                                  {product} {ergonomic}
    uintx NonNMethodCodeHeapSize                   = 5839372                                {pd product} {ergonomic}
    uintx NonProfiledCodeHeapSize                  = 122909434                              {pd product} {ergonomic}
   size_t OldSize                                  = 70254592                                  {product} {ergonomic}
    uintx ProfiledCodeHeapSize                     = 122909434                              {pd product} {ergonomic}
    uintx ReservedCodeCacheSize                    = 251658240                              {pd product} {ergonomic}
     bool SegmentedCodeCache                       = true                                      {product} {ergonomic}
   size_t SoftMaxHeapSize                          = 1073741824                             {manageable} {ergonomic}
     bool UseCompressedClassPointers               = true                           {product lp64_product} {ergonomic}
     bool UseCompressedOops                        = true                           {product lp64_product} {ergonomic}
     bool UseLargePagesIndividualAllocation        = false                                  {pd product} {ergonomic}
     bool UseParallelGC                            = true                                      {product} {command line}

Logging:
Log output configuration:
 #0: stdout all=off uptime,level,tags
 #1: stderr all=off uptime,level,tags

Environment Variables:
PATH=C:\Python310\Scripts\;C:\Python310\;C:\Program Files\Common Files\Oracle\Java\javapath;C:\windows\system32;C:\windows;C:\windows\System32\Wbem;C:\windows\System32\WindowsPowerShell\v1.0\;C:\windows\System32\OpenSSH\;C:\Program Files (x86)\NVIDIA Corporation\PhysX\Common;C:\Program Files\NVIDIA Corporation\NVIDIA NvDLISR;C:\WINDOWS\system32;C:\WINDOWS;C:\WINDOWS\System32\Wbem;C:\WINDOWS\System32\WindowsPowerShell\v1.0\;C:\WINDOWS\System32\OpenSSH\;C:\Windows\System32\cmd.exe;C:\MinGW\bin;C:\TDM-GCC-32\bin;C:\Program Files\Java\jdk-17.0.2\bin;C:\Program Files\Java\jdk-18.0.2\bin;C:\ProgramData\chocolatey\bin;C:\Program Files\MongoDB\Server\6.0\bin;C:\Program Files\MongoDB\Server\6.0\bin;C:\Program Files\nodejs\;C:\Program Files\Git\cmd;C:\Users\MTS\AppData\Local\Microsoft\WindowsApps;C:\Program Files (x86)\mingw-w64\i686-8.1.0-posix-dwarf-rt_v6-rev0\mingw32\bin;C:\Users\MTS\AppData\Local\Programs\Microsoft VS Code\bin;C:\Users\MTS\AppData\Roaming\npm;C:\Users\MTS\AppData\Local\GitHubDesktop\bin
USERNAME=MTS
OS=Windows_NT
PROCESSOR_IDENTIFIER=Intel64 Family 6 Model 165 Stepping 2, GenuineIntel
TMP=C:\Users\MTS\AppData\Local\Temp
TEMP=C:\Users\MTS\AppData\Local\Temp



---------------  S Y S T E M  ---------------

OS:
 Windows 10 , 64 bit Build 19041 (10.0.19041.1806)
OS uptime: 1 days 0:40 hours

CPU: total 8 (initial active 8) (4 cores per cpu, 2 threads per core) family 6 model 165 stepping 2 microcode 0xf0, cx8, cmov, fxsr, ht, mmx, 3dnowpref, sse, sse2, sse3, ssse3, sse4.1, sse4.2, popcnt, lzcnt, tsc, tscinvbit, avx, avx2, aes, erms, clmul, bmi1, bmi2, adx, fma, vzeroupper, clflush, clflushopt

Memory: 4k page, system-wide physical 7968M (2417M free)
TotalPageFile size 10656M (AvailPageFile size 2751M)
current process WorkingSet (physical memory assigned to process): 425M, peak: 438M
current process commit charge ("private bytes"): 847M, peak: 847M

vm_info: OpenJDK 64-Bit Server VM (17.0.6+10) for windows-amd64 JRE (17.0.6+10), built on Jan 18 2023 10:08:59 by "temurin" with MS VC++ 16.7 (VS2019)

END.
